<annotation verified="yes">
	<folder>images_mio</folder>
	<filename>test-schede.png</filename>
	<path>C:\Users\ZITREN00\OneDrive - IL Sole 24 Ore SpA\Documenti\test-schede\web-court-main\web-court-main\dataset\images_mio\test-schede.png</path>
	<source>
		<database>Unknown</database>
	</source>
	<size>
		<width>1291</width>
		<height>1827</height>
		<depth>3</depth>
	</size>
	<segmented>0</segmented>
	<object>
		<name>scheda-punti-numero-0</name>
		<pose>Unspecified</pose>
		<truncated>0</truncated>
		<difficult>0</difficult>
		<bndbox>
			<xmin>54</xmin>
			<ymin>179</ymin>
			<xmax>564</xmax>
			<ymax>903</ymax>
		</bndbox>
	</object>
	<object>
		<name>scheda-punti-numero-0</name>
		<pose>Unspecified</pose>
		<truncated>0</truncated>
		<difficult>0</difficult>
		<bndbox>
			<xmin>670</xmin>
			<ymin>177</ymin>
			<xmax>1204</xmax>
			<ymax>905</ymax>
		</bndbox>
	</object>
	<object>
		<name>scheda-punti-numero-0</name>
		<pose>Unspecified</pose>
		<truncated>0</truncated>
		<difficult>0</difficult>
		<bndbox>
			<xmin>43</xmin>
			<ymin>1005</ymin>
			<xmax>579</xmax>
			<ymax>1713</ymax>
		</bndbox>
	</object>
	<object>
		<name>scheda-punti-numero-0</name>
		<pose>Unspecified</pose>
		<truncated>0</truncated>
		<difficult>0</difficult>
		<bndbox>
			<xmin>668</xmin>
			<ymin>996</ymin>
			<xmax>1209</xmax>
			<ymax>1411</ymax>
		</bndbox>
	</object>
</annotation>
